  Menu.cpp
C:\Users\izofi\Desktop\Darko-main\src\Menu.h(3,10): warning C4067: símbolos (token) inesperados después de la directiva del preprocesador; se esperaba una nueva línea
C:\Users\izofi\Desktop\Darko-main\src\Menu.cpp(31,52): warning C4305: 'argumento': truncamiento de 'double' a 'GLfloat'
C:\Users\izofi\Desktop\Darko-main\src\Menu.cpp(32,51): warning C4305: 'argumento': truncamiento de 'double' a 'GLfloat'
C:\Users\izofi\Desktop\Darko-main\src\Menu.cpp(33,50): warning C4305: 'argumento': truncamiento de 'double' a 'GLfloat'
C:\Users\izofi\Desktop\Darko-main\src\Menu.cpp(34,51): warning C4305: 'argumento': truncamiento de 'double' a 'GLfloat'
C:\Users\izofi\Desktop\Darko-main\src\Menu.cpp(47,52): warning C4305: 'argumento': truncamiento de 'double' a 'GLfloat'
C:\Users\izofi\Desktop\Darko-main\src\Menu.cpp(48,51): warning C4305: 'argumento': truncamiento de 'double' a 'GLfloat'
C:\Users\izofi\Desktop\Darko-main\src\Menu.cpp(49,50): warning C4305: 'argumento': truncamiento de 'double' a 'GLfloat'
C:\Users\izofi\Desktop\Darko-main\src\Menu.cpp(50,51): warning C4305: 'argumento': truncamiento de 'double' a 'GLfloat'
C:\Users\izofi\Desktop\Darko-main\src\Menu.cpp(64,52): warning C4305: 'argumento': truncamiento de 'double' a 'GLfloat'
C:\Users\izofi\Desktop\Darko-main\src\Menu.cpp(65,51): warning C4305: 'argumento': truncamiento de 'double' a 'GLfloat'
C:\Users\izofi\Desktop\Darko-main\src\Menu.cpp(66,50): warning C4305: 'argumento': truncamiento de 'double' a 'GLfloat'
C:\Users\izofi\Desktop\Darko-main\src\Menu.cpp(67,51): warning C4305: 'argumento': truncamiento de 'double' a 'GLfloat'
C:\Users\izofi\Desktop\Darko-main\src\Menu.cpp(80,52): warning C4305: 'argumento': truncamiento de 'double' a 'GLfloat'
C:\Users\izofi\Desktop\Darko-main\src\Menu.cpp(81,51): warning C4305: 'argumento': truncamiento de 'double' a 'GLfloat'
C:\Users\izofi\Desktop\Darko-main\src\Menu.cpp(82,50): warning C4305: 'argumento': truncamiento de 'double' a 'GLfloat'
C:\Users\izofi\Desktop\Darko-main\src\Menu.cpp(83,51): warning C4305: 'argumento': truncamiento de 'double' a 'GLfloat'
C:\Users\izofi\Desktop\Darko-main\src\Menu.cpp(97,52): warning C4305: 'argumento': truncamiento de 'double' a 'GLfloat'
C:\Users\izofi\Desktop\Darko-main\src\Menu.cpp(98,51): warning C4305: 'argumento': truncamiento de 'double' a 'GLfloat'
C:\Users\izofi\Desktop\Darko-main\src\Menu.cpp(99,50): warning C4305: 'argumento': truncamiento de 'double' a 'GLfloat'
C:\Users\izofi\Desktop\Darko-main\src\Menu.cpp(100,51): warning C4305: 'argumento': truncamiento de 'double' a 'GLfloat'
C:\Users\izofi\Desktop\Darko-main\src\Menu.cpp(114,52): warning C4305: 'argumento': truncamiento de 'double' a 'GLfloat'
C:\Users\izofi\Desktop\Darko-main\src\Menu.cpp(115,51): warning C4305: 'argumento': truncamiento de 'double' a 'GLfloat'
C:\Users\izofi\Desktop\Darko-main\src\Menu.cpp(116,50): warning C4305: 'argumento': truncamiento de 'double' a 'GLfloat'
C:\Users\izofi\Desktop\Darko-main\src\Menu.cpp(117,51): warning C4305: 'argumento': truncamiento de 'double' a 'GLfloat'
C:\Users\izofi\Desktop\Darko-main\src\Menu.cpp(230,52): warning C4305: 'argumento': truncamiento de 'double' a 'GLfloat'
C:\Users\izofi\Desktop\Darko-main\src\Menu.cpp(231,51): warning C4305: 'argumento': truncamiento de 'double' a 'GLfloat'
C:\Users\izofi\Desktop\Darko-main\src\Menu.cpp(232,50): warning C4305: 'argumento': truncamiento de 'double' a 'GLfloat'
C:\Users\izofi\Desktop\Darko-main\src\Menu.cpp(233,51): warning C4305: 'argumento': truncamiento de 'double' a 'GLfloat'
C:\Users\izofi\Desktop\Darko-main\src\Menu.cpp(248,52): warning C4305: 'argumento': truncamiento de 'double' a 'GLfloat'
C:\Users\izofi\Desktop\Darko-main\src\Menu.cpp(249,51): warning C4305: 'argumento': truncamiento de 'double' a 'GLfloat'
C:\Users\izofi\Desktop\Darko-main\src\Menu.cpp(250,50): warning C4305: 'argumento': truncamiento de 'double' a 'GLfloat'
C:\Users\izofi\Desktop\Darko-main\src\Menu.cpp(251,51): warning C4305: 'argumento': truncamiento de 'double' a 'GLfloat'
C:\Users\izofi\Desktop\Darko-main\src\Menu.cpp(270,52): warning C4305: 'argumento': truncamiento de 'double' a 'GLfloat'
C:\Users\izofi\Desktop\Darko-main\src\Menu.cpp(271,51): warning C4305: 'argumento': truncamiento de 'double' a 'GLfloat'
C:\Users\izofi\Desktop\Darko-main\src\Menu.cpp(272,50): warning C4305: 'argumento': truncamiento de 'double' a 'GLfloat'
C:\Users\izofi\Desktop\Darko-main\src\Menu.cpp(273,51): warning C4305: 'argumento': truncamiento de 'double' a 'GLfloat'
  Nivel.cpp
  Generando código...
  Pang.vcxproj -> C:\Users\izofi\Desktop\Darko-main\bin\Darko.exe
