c:\users\mcz19\downloads\darko-main\tmp\debug\vc142.pdb
c:\users\mcz19\downloads\darko-main\tmp\debug\vc142.idb
c:\users\mcz19\downloads\darko-main\tmp\debug\vector2d.obj
c:\users\mcz19\downloads\darko-main\tmp\debug\pared.obj
c:\users\mcz19\downloads\darko-main\tmp\debug\pang.obj
c:\users\mcz19\downloads\darko-main\tmp\debug\interaccion.obj
c:\users\mcz19\downloads\darko-main\tmp\debug\hombre.obj
c:\users\mcz19\downloads\darko-main\tmp\debug\enemigodisp.obj
c:\users\mcz19\downloads\darko-main\tmp\debug\tank.obj
c:\users\mcz19\downloads\darko-main\tmp\debug\nivel1.obj
c:\users\mcz19\downloads\darko-main\tmp\debug\disptank.obj
c:\users\mcz19\downloads\darko-main\tmp\debug\dispenem.obj
c:\users\mcz19\downloads\darko-main\tmp\debug\disparo.obj
c:\users\mcz19\downloads\darko-main\tmp\debug\caja.obj
c:\users\mcz19\downloads\darko-main\tmp\debug\bonus.obj
c:\users\mcz19\downloads\darko-main\tmp\debug\vidas.obj
c:\users\mcz19\downloads\darko-main\tmp\debug\interfaz.obj
c:\users\mcz19\downloads\darko-main\tmp\debug\dinero.obj
c:\users\mcz19\downloads\darko-main\bin\pang.exe
c:\users\mcz19\downloads\darko-main\bin\pang.ilk
c:\users\mcz19\downloads\darko-main\bin\pang.pdb
c:\users\mcz19\downloads\darko-main\tmp\debug\pang.tlog\cl.command.1.tlog
c:\users\mcz19\downloads\darko-main\tmp\debug\pang.tlog\cl.read.1.tlog
c:\users\mcz19\downloads\darko-main\tmp\debug\pang.tlog\cl.write.1.tlog
c:\users\mcz19\downloads\darko-main\tmp\debug\pang.tlog\link.command.1.tlog
c:\users\mcz19\downloads\darko-main\tmp\debug\pang.tlog\link.read.1.tlog
c:\users\mcz19\downloads\darko-main\tmp\debug\pang.tlog\link.write.1.tlog
